<?xml version="1.0" encoding="UTF-8"?>
<!-- Generated by org.testng.reporters.JUnitReportReporter -->
<testsuite hostname="DESKTOP-O5SNK9Q" name="Script.Flipkart_Login" tests="1" failures="0" timestamp="13 Aug 2019 08:16:00 GMT" time="32.436" errors="0">
  <testcase name="testFlipkart_Login" time="32.436" classname="Script.Flipkart_Login"/>
</testsuite> <!-- Script.Flipkart_Login -->
